#! /c/Source/iverilog-install/bin/vvp
:ivl_version "12.0 (devel)" "(s20150603-1539-g2693dd32b)";
:ivl_delay_selection "TYPICAL";
:vpi_time_precision - 9;
:vpi_module "c:\Users\johnl\apps\icarus\lib\ivl\system.vpi";
:vpi_module "c:\Users\johnl\apps\icarus\lib\ivl\vhdl_sys.vpi";
:vpi_module "c:\Users\johnl\apps\icarus\lib\ivl\vhdl_textio.vpi";
:vpi_module "c:\Users\johnl\apps\icarus\lib\ivl\v2005_math.vpi";
:vpi_module "c:\Users\johnl\apps\icarus\lib\ivl\va_math.vpi";
:vpi_module "c:\Users\johnl\apps\icarus\lib\ivl\v2009.vpi";
S_00000123bf557850 .scope package, "$unit" "$unit" 2 1;
 .timescale 0 0;
S_00000123bf558c80 .scope module, "tb" "tb" 3 9;
 .timescale -9 -9;
L_00000123bf52c3d0 .functor NOT 1, L_00000123bf52c6e0, C4<0>, C4<0>, C4<0>;
L_00000123bf52c670 .functor NOT 1, L_00000123bf53fbd0, C4<0>, C4<0>, C4<0>;
v00000123bf5af6f0_0 .var "clk", 0 0;
v00000123bf5ae110_0 .var/i "clks", 31 0;
v00000123bf5af790_0 .net "frames", 10 0, v00000123bf5ae570_0;  1 drivers
v00000123bf5ae390_0 .net "hBack", 0 0, L_00000123bf52ba30;  1 drivers
v00000123bf5af830_0 .net "hCount", 9 0, v00000123bf5af0b0_0;  1 drivers
v00000123bf5af5b0_0 .net "hFront", 0 0, L_00000123bf52c4b0;  1 drivers
v00000123bf5ade90_0 .net "hSync", 0 0, L_00000123bf52c6e0;  1 drivers
v00000123bf5af150_0 .net "hSyncvga", 0 0, L_00000123bf52c3d0;  1 drivers
v00000123bf5ae250_0 .net "lines", 10 0, v00000123bf5aecf0_0;  1 drivers
v00000123bf5af1f0_0 .net "vBack", 0 0, L_00000123bf6390b0;  1 drivers
v00000123bf5af290_0 .net "vCount", 9 0, v00000123bf5ae890_0;  1 drivers
v00000123bf5af650_0 .net "vFront", 0 0, L_00000123bf52bc60;  1 drivers
v00000123bf5addf0_0 .net "vSync", 0 0, L_00000123bf53fbd0;  1 drivers
v00000123bf5ad990_0 .net "vSyncvga", 0 0, L_00000123bf52c670;  1 drivers
v00000123bf5adad0_0 .net "visible", 0 0, L_00000123bf638da0;  1 drivers
E_00000123bf54a100 .event anyedge, v00000123bf5ae570_0;
E_00000123bf54a2c0 .event anyedge, v00000123bf5aecf0_0;
S_00000123bf502550 .scope module, "top0" "top" 3 30, 4 46 0, S_00000123bf558c80;
 .timescale -9 -9;
    .port_info 0 /OUTPUT 1 "led";
    .port_info 1 /INPUT 1 "clk";
    .port_info 2 /OUTPUT 1 "visible";
    .port_info 3 /OUTPUT 1 "hSync";
    .port_info 4 /OUTPUT 1 "vSync";
    .port_info 5 /OUTPUT 1 "hFront";
    .port_info 6 /OUTPUT 1 "hBack";
    .port_info 7 /OUTPUT 1 "vFront";
    .port_info 8 /OUTPUT 1 "vBack";
    .port_info 9 /OUTPUT 10 "hCount";
    .port_info 10 /OUTPUT 10 "vCount";
    .port_info 11 /OUTPUT 11 "lines";
    .port_info 12 /OUTPUT 11 "frames";
L_00000123bf52c4b0 .functor AND 1, L_00000123bf5adfd0, L_00000123bf5bffa0, C4<1>, C4<1>;
L_00000123bf52c6e0 .functor AND 1, L_00000123bf5c0680, L_00000123bf5c1580, C4<1>, C4<1>;
L_00000123bf52ba30 .functor AND 1, L_00000123bf5c0180, L_00000123bf5c0540, C4<1>, C4<1>;
L_00000123bf52bc60 .functor AND 1, L_00000123bf5bfe60, L_00000123bf5c0360, C4<1>, C4<1>;
L_00000123bf53fbd0 .functor AND 1, L_00000123bf5c0cc0, L_00000123bf5c0d60, C4<1>, C4<1>;
L_00000123bf6390b0 .functor AND 1, L_00000123bf5c05e0, L_00000123bf5c0e00, C4<1>, C4<1>;
L_00000123bf638da0 .functor AND 1, L_00000123bf5add50, L_00000123bf5bff00, C4<1>, C4<1>;
v00000123bf552720_0 .net *"_ivl_0", 31 0, L_00000123bf5adb70;  1 drivers
L_00000123bf5f0700 .functor BUFT 1, C4<00000000000000000000000111101010>, C4<0>, C4<0>, C4<0>;
v00000123bf553620_0 .net/2u *"_ivl_100", 31 0, L_00000123bf5f0700;  1 drivers
v00000123bf553d00_0 .net *"_ivl_102", 0 0, L_00000123bf5c0cc0;  1 drivers
v00000123bf552540_0 .net *"_ivl_104", 31 0, L_00000123bf5c0720;  1 drivers
L_00000123bf5f0748 .functor BUFT 1, C4<0000000000000000000000>, C4<0>, C4<0>, C4<0>;
v00000123bf552f40_0 .net *"_ivl_107", 21 0, L_00000123bf5f0748;  1 drivers
L_00000123bf5f0790 .functor BUFT 1, C4<00000000000000000000000111101100>, C4<0>, C4<0>, C4<0>;
v00000123bf552360_0 .net/2u *"_ivl_108", 31 0, L_00000123bf5f0790;  1 drivers
L_00000123bf5f0118 .functor BUFT 1, C4<0000000000000000000000>, C4<0>, C4<0>, C4<0>;
v00000123bf553da0_0 .net *"_ivl_11", 21 0, L_00000123bf5f0118;  1 drivers
v00000123bf552400_0 .net *"_ivl_110", 0 0, L_00000123bf5c0d60;  1 drivers
v00000123bf5520e0_0 .net *"_ivl_114", 31 0, L_00000123bf5c1a80;  1 drivers
L_00000123bf5f07d8 .functor BUFT 1, C4<0000000000000000000000>, C4<0>, C4<0>, C4<0>;
v00000123bf553580_0 .net *"_ivl_117", 21 0, L_00000123bf5f07d8;  1 drivers
L_00000123bf5f0820 .functor BUFT 1, C4<00000000000000000000000111101100>, C4<0>, C4<0>, C4<0>;
v00000123bf5527c0_0 .net/2u *"_ivl_118", 31 0, L_00000123bf5f0820;  1 drivers
L_00000123bf5f0160 .functor BUFT 1, C4<00000000000000000000001010101111>, C4<0>, C4<0>, C4<0>;
v00000123bf552ae0_0 .net/2s *"_ivl_12", 31 0, L_00000123bf5f0160;  1 drivers
v00000123bf552e00_0 .net *"_ivl_120", 0 0, L_00000123bf5c05e0;  1 drivers
v00000123bf552cc0_0 .net *"_ivl_122", 31 0, L_00000123bf5c00e0;  1 drivers
L_00000123bf5f0868 .functor BUFT 1, C4<0000000000000000000000>, C4<0>, C4<0>, C4<0>;
v00000123bf5525e0_0 .net *"_ivl_125", 21 0, L_00000123bf5f0868;  1 drivers
L_00000123bf5f08b0 .functor BUFT 1, C4<00000000000000000000001000001101>, C4<0>, C4<0>, C4<0>;
v00000123bf5539e0_0 .net/2u *"_ivl_126", 31 0, L_00000123bf5f08b0;  1 drivers
v00000123bf552680_0 .net *"_ivl_128", 0 0, L_00000123bf5c0e00;  1 drivers
v00000123bf552b80_0 .net *"_ivl_132", 31 0, L_00000123bf5c11c0;  1 drivers
L_00000123bf5f08f8 .functor BUFT 1, C4<0000000000000000000000>, C4<0>, C4<0>, C4<0>;
v00000123bf552c20_0 .net *"_ivl_135", 21 0, L_00000123bf5f08f8;  1 drivers
L_00000123bf5f0940 .functor BUFT 1, C4<00000000000000000000001000001100>, C4<0>, C4<0>, C4<0>;
v00000123bf552d60_0 .net/2u *"_ivl_136", 31 0, L_00000123bf5f0940;  1 drivers
v00000123bf552fe0_0 .net *"_ivl_14", 0 0, L_00000123bf5adfd0;  1 drivers
v00000123bf5534e0_0 .net *"_ivl_16", 31 0, L_00000123bf5c02c0;  1 drivers
L_00000123bf5f01a8 .functor BUFT 1, C4<0000000000000000000000>, C4<0>, C4<0>, C4<0>;
v00000123bf552220_0 .net *"_ivl_19", 21 0, L_00000123bf5f01a8;  1 drivers
L_00000123bf5f01f0 .functor BUFT 1, C4<00000000000000000000001011000000>, C4<0>, C4<0>, C4<0>;
v00000123bf553080_0 .net/2s *"_ivl_20", 31 0, L_00000123bf5f01f0;  1 drivers
v00000123bf5538a0_0 .net *"_ivl_22", 0 0, L_00000123bf5bffa0;  1 drivers
v00000123bf553120_0 .net *"_ivl_26", 31 0, L_00000123bf5c0040;  1 drivers
L_00000123bf5f0238 .functor BUFT 1, C4<0000000000000000000000>, C4<0>, C4<0>, C4<0>;
v00000123bf552900_0 .net *"_ivl_29", 21 0, L_00000123bf5f0238;  1 drivers
L_00000123bf5f0088 .functor BUFT 1, C4<0000000000000000000000>, C4<0>, C4<0>, C4<0>;
v00000123bf5524a0_0 .net *"_ivl_3", 21 0, L_00000123bf5f0088;  1 drivers
L_00000123bf5f0280 .functor BUFT 1, C4<00000000000000000000001011000000>, C4<0>, C4<0>, C4<0>;
v00000123bf553760_0 .net/2s *"_ivl_30", 31 0, L_00000123bf5f0280;  1 drivers
v00000123bf553300_0 .net *"_ivl_32", 0 0, L_00000123bf5c0680;  1 drivers
v00000123bf552860_0 .net *"_ivl_34", 31 0, L_00000123bf5c0b80;  1 drivers
L_00000123bf5f02c8 .functor BUFT 1, C4<0000000000000000000000>, C4<0>, C4<0>, C4<0>;
v00000123bf5522c0_0 .net *"_ivl_37", 21 0, L_00000123bf5f02c8;  1 drivers
L_00000123bf5f0310 .functor BUFT 1, C4<00000000000000000000001100101000>, C4<0>, C4<0>, C4<0>;
v00000123bf5531c0_0 .net/2s *"_ivl_38", 31 0, L_00000123bf5f0310;  1 drivers
L_00000123bf5f00d0 .functor BUFT 1, C4<00000000000000000000001010101111>, C4<0>, C4<0>, C4<0>;
v00000123bf553800_0 .net/2s *"_ivl_4", 31 0, L_00000123bf5f00d0;  1 drivers
v00000123bf553260_0 .net *"_ivl_40", 0 0, L_00000123bf5c1580;  1 drivers
v00000123bf553940_0 .net *"_ivl_44", 31 0, L_00000123bf5c0400;  1 drivers
L_00000123bf5f0358 .functor BUFT 1, C4<0000000000000000000000>, C4<0>, C4<0>, C4<0>;
v00000123bf5529a0_0 .net *"_ivl_47", 21 0, L_00000123bf5f0358;  1 drivers
L_00000123bf5f03a0 .functor BUFT 1, C4<00000000000000000000001100101000>, C4<0>, C4<0>, C4<0>;
v00000123bf5533a0_0 .net/2s *"_ivl_48", 31 0, L_00000123bf5f03a0;  1 drivers
v00000123bf552a40_0 .net *"_ivl_50", 0 0, L_00000123bf5c0180;  1 drivers
v00000123bf553a80_0 .net *"_ivl_52", 31 0, L_00000123bf5c1120;  1 drivers
L_00000123bf5f03e8 .functor BUFT 1, C4<0000000000000000000000>, C4<0>, C4<0>, C4<0>;
v00000123bf553b20_0 .net *"_ivl_55", 21 0, L_00000123bf5f03e8;  1 drivers
L_00000123bf5f0430 .functor BUFT 1, C4<00000000000000000000001101011011>, C4<0>, C4<0>, C4<0>;
v00000123bf553e40_0 .net/2s *"_ivl_56", 31 0, L_00000123bf5f0430;  1 drivers
v00000123bf553440_0 .net *"_ivl_58", 0 0, L_00000123bf5c0540;  1 drivers
v00000123bf553bc0_0 .net *"_ivl_62", 31 0, L_00000123bf5bfdc0;  1 drivers
L_00000123bf5f0478 .functor BUFT 1, C4<0000000000000000000000>, C4<0>, C4<0>, C4<0>;
v00000123bf553ee0_0 .net *"_ivl_65", 21 0, L_00000123bf5f0478;  1 drivers
L_00000123bf5f04c0 .functor BUFT 1, C4<00000000000000000000001101011010>, C4<0>, C4<0>, C4<0>;
v00000123bf552040_0 .net/2s *"_ivl_66", 31 0, L_00000123bf5f04c0;  1 drivers
v00000123bf552180_0 .net *"_ivl_70", 31 0, L_00000123bf5c19e0;  1 drivers
L_00000123bf5f0508 .functor BUFT 1, C4<0000000000000000000000>, C4<0>, C4<0>, C4<0>;
v00000123bf5aec50_0 .net *"_ivl_73", 21 0, L_00000123bf5f0508;  1 drivers
L_00000123bf5f0550 .functor BUFT 1, C4<00000000000000000000000111100000>, C4<0>, C4<0>, C4<0>;
v00000123bf5af330_0 .net/2u *"_ivl_74", 31 0, L_00000123bf5f0550;  1 drivers
v00000123bf5ae930_0 .net *"_ivl_78", 31 0, L_00000123bf5c0c20;  1 drivers
v00000123bf5aeb10_0 .net *"_ivl_8", 31 0, L_00000123bf5ae2f0;  1 drivers
L_00000123bf5f0598 .functor BUFT 1, C4<0000000000000000000000>, C4<0>, C4<0>, C4<0>;
v00000123bf5adcb0_0 .net *"_ivl_81", 21 0, L_00000123bf5f0598;  1 drivers
L_00000123bf5f05e0 .functor BUFT 1, C4<00000000000000000000000111100000>, C4<0>, C4<0>, C4<0>;
v00000123bf5aeed0_0 .net/2u *"_ivl_82", 31 0, L_00000123bf5f05e0;  1 drivers
v00000123bf5ae1b0_0 .net *"_ivl_84", 0 0, L_00000123bf5bfe60;  1 drivers
v00000123bf5aef70_0 .net *"_ivl_86", 31 0, L_00000123bf5c1260;  1 drivers
L_00000123bf5f0628 .functor BUFT 1, C4<0000000000000000000000>, C4<0>, C4<0>, C4<0>;
v00000123bf5ae070_0 .net *"_ivl_89", 21 0, L_00000123bf5f0628;  1 drivers
L_00000123bf5f0670 .functor BUFT 1, C4<00000000000000000000000111101010>, C4<0>, C4<0>, C4<0>;
v00000123bf5ae430_0 .net/2u *"_ivl_90", 31 0, L_00000123bf5f0670;  1 drivers
v00000123bf5ae750_0 .net *"_ivl_92", 0 0, L_00000123bf5c0360;  1 drivers
v00000123bf5ae610_0 .net *"_ivl_96", 31 0, L_00000123bf5c0ae0;  1 drivers
L_00000123bf5f06b8 .functor BUFT 1, C4<0000000000000000000000>, C4<0>, C4<0>, C4<0>;
v00000123bf5adf30_0 .net *"_ivl_99", 21 0, L_00000123bf5f06b8;  1 drivers
v00000123bf5af3d0_0 .net "activeH", 0 0, L_00000123bf5add50;  1 drivers
v00000123bf5af470_0 .net "activeV", 0 0, L_00000123bf5bff00;  1 drivers
v00000123bf5aee30_0 .net "clk", 0 0, v00000123bf5af6f0_0;  1 drivers
v00000123bf5ae4d0_0 .var "counter", 23 0;
v00000123bf5ae570_0 .var "frames", 10 0;
v00000123bf5ae6b0_0 .net "hBack", 0 0, L_00000123bf52ba30;  alias, 1 drivers
v00000123bf5af0b0_0 .var "hCount", 9 0;
v00000123bf5af010_0 .net "hEnd", 0 0, L_00000123bf5c1c60;  1 drivers
v00000123bf5ada30_0 .net "hFront", 0 0, L_00000123bf52c4b0;  alias, 1 drivers
v00000123bf5aed90_0 .net "hSync", 0 0, L_00000123bf52c6e0;  alias, 1 drivers
v00000123bf5ae7f0_0 .var "led", 0 0;
v00000123bf5aecf0_0 .var "lines", 10 0;
v00000123bf5adc10_0 .net "vBack", 0 0, L_00000123bf6390b0;  alias, 1 drivers
v00000123bf5ae890_0 .var "vCount", 9 0;
v00000123bf5aebb0_0 .net "vEnd", 0 0, L_00000123bf5c04a0;  1 drivers
v00000123bf5ae9d0_0 .net "vFront", 0 0, L_00000123bf52bc60;  alias, 1 drivers
v00000123bf5aea70_0 .net "vSync", 0 0, L_00000123bf53fbd0;  alias, 1 drivers
v00000123bf5af510_0 .net "visible", 0 0, L_00000123bf638da0;  alias, 1 drivers
E_00000123bf54a340 .event posedge, v00000123bf5aee30_0;
L_00000123bf5adb70 .concat [ 10 22 0 0], v00000123bf5af0b0_0, L_00000123bf5f0088;
L_00000123bf5add50 .cmp/gt 32, L_00000123bf5f00d0, L_00000123bf5adb70;
L_00000123bf5ae2f0 .concat [ 10 22 0 0], v00000123bf5af0b0_0, L_00000123bf5f0118;
L_00000123bf5adfd0 .cmp/ge 32, L_00000123bf5ae2f0, L_00000123bf5f0160;
L_00000123bf5c02c0 .concat [ 10 22 0 0], v00000123bf5af0b0_0, L_00000123bf5f01a8;
L_00000123bf5bffa0 .cmp/gt 32, L_00000123bf5f01f0, L_00000123bf5c02c0;
L_00000123bf5c0040 .concat [ 10 22 0 0], v00000123bf5af0b0_0, L_00000123bf5f0238;
L_00000123bf5c0680 .cmp/ge 32, L_00000123bf5c0040, L_00000123bf5f0280;
L_00000123bf5c0b80 .concat [ 10 22 0 0], v00000123bf5af0b0_0, L_00000123bf5f02c8;
L_00000123bf5c1580 .cmp/gt 32, L_00000123bf5f0310, L_00000123bf5c0b80;
L_00000123bf5c0400 .concat [ 10 22 0 0], v00000123bf5af0b0_0, L_00000123bf5f0358;
L_00000123bf5c0180 .cmp/ge 32, L_00000123bf5c0400, L_00000123bf5f03a0;
L_00000123bf5c1120 .concat [ 10 22 0 0], v00000123bf5af0b0_0, L_00000123bf5f03e8;
L_00000123bf5c0540 .cmp/gt 32, L_00000123bf5f0430, L_00000123bf5c1120;
L_00000123bf5bfdc0 .concat [ 10 22 0 0], v00000123bf5af0b0_0, L_00000123bf5f0478;
L_00000123bf5c1c60 .cmp/eq 32, L_00000123bf5bfdc0, L_00000123bf5f04c0;
L_00000123bf5c19e0 .concat [ 10 22 0 0], v00000123bf5ae890_0, L_00000123bf5f0508;
L_00000123bf5bff00 .cmp/gt 32, L_00000123bf5f0550, L_00000123bf5c19e0;
L_00000123bf5c0c20 .concat [ 10 22 0 0], v00000123bf5ae890_0, L_00000123bf5f0598;
L_00000123bf5bfe60 .cmp/ge 32, L_00000123bf5c0c20, L_00000123bf5f05e0;
L_00000123bf5c1260 .concat [ 10 22 0 0], v00000123bf5ae890_0, L_00000123bf5f0628;
L_00000123bf5c0360 .cmp/gt 32, L_00000123bf5f0670, L_00000123bf5c1260;
L_00000123bf5c0ae0 .concat [ 10 22 0 0], v00000123bf5ae890_0, L_00000123bf5f06b8;
L_00000123bf5c0cc0 .cmp/ge 32, L_00000123bf5c0ae0, L_00000123bf5f0700;
L_00000123bf5c0720 .concat [ 10 22 0 0], v00000123bf5ae890_0, L_00000123bf5f0748;
L_00000123bf5c0d60 .cmp/gt 32, L_00000123bf5f0790, L_00000123bf5c0720;
L_00000123bf5c1a80 .concat [ 10 22 0 0], v00000123bf5ae890_0, L_00000123bf5f07d8;
L_00000123bf5c05e0 .cmp/ge 32, L_00000123bf5c1a80, L_00000123bf5f0820;
L_00000123bf5c00e0 .concat [ 10 22 0 0], v00000123bf5ae890_0, L_00000123bf5f0868;
L_00000123bf5c0e00 .cmp/gt 32, L_00000123bf5f08b0, L_00000123bf5c00e0;
L_00000123bf5c11c0 .concat [ 10 22 0 0], v00000123bf5ae890_0, L_00000123bf5f08f8;
L_00000123bf5c04a0 .cmp/eq 32, L_00000123bf5c11c0, L_00000123bf5f0940;
    .scope S_00000123bf502550;
T_0 ;
    %pushi/vec4 0, 0, 10;
    %store/vec4 v00000123bf5af0b0_0, 0, 10;
    %pushi/vec4 0, 0, 10;
    %store/vec4 v00000123bf5ae890_0, 0, 10;
    %pushi/vec4 0, 0, 11;
    %store/vec4 v00000123bf5ae570_0, 0, 11;
    %pushi/vec4 0, 0, 11;
    %store/vec4 v00000123bf5aecf0_0, 0, 11;
    %end;
    .thread T_0, $init;
    .scope S_00000123bf502550;
T_1 ;
    %wait E_00000123bf54a340;
    %load/vec4 v00000123bf5ae4d0_0;
    %cmpi/u 13499999, 0, 24;
    %jmp/0xz  T_1.0, 5;
    %load/vec4 v00000123bf5ae4d0_0;
    %addi 1, 0, 24;
    %assign/vec4 v00000123bf5ae4d0_0, 0;
    %jmp T_1.1;
T_1.0 ;
    %pushi/vec4 0, 0, 24;
    %assign/vec4 v00000123bf5ae4d0_0, 0;
T_1.1 ;
    %jmp T_1;
    .thread T_1;
    .scope S_00000123bf502550;
T_2 ;
    %wait E_00000123bf54a340;
    %load/vec4 v00000123bf5ae4d0_0;
    %cmpi/e 13499999, 0, 24;
    %jmp/0xz  T_2.0, 4;
    %load/vec4 v00000123bf5ae7f0_0;
    %inv;
    %assign/vec4 v00000123bf5ae7f0_0, 0;
T_2.0 ;
    %jmp T_2;
    .thread T_2;
    .scope S_00000123bf502550;
T_3 ;
    %wait E_00000123bf54a340;
    %load/vec4 v00000123bf5af010_0;
    %flag_set/vec4 8;
    %jmp/0xz  T_3.0, 8;
    %pushi/vec4 0, 0, 10;
    %assign/vec4 v00000123bf5af0b0_0, 0;
    %load/vec4 v00000123bf5aecf0_0;
    %addi 1, 0, 11;
    %assign/vec4 v00000123bf5aecf0_0, 0;
    %load/vec4 v00000123bf5aebb0_0;
    %flag_set/vec4 8;
    %jmp/0xz  T_3.2, 8;
    %pushi/vec4 0, 0, 10;
    %assign/vec4 v00000123bf5ae890_0, 0;
    %load/vec4 v00000123bf5ae570_0;
    %addi 1, 0, 11;
    %assign/vec4 v00000123bf5ae570_0, 0;
    %jmp T_3.3;
T_3.2 ;
    %load/vec4 v00000123bf5ae890_0;
    %addi 1, 0, 10;
    %assign/vec4 v00000123bf5ae890_0, 0;
T_3.3 ;
    %jmp T_3.1;
T_3.0 ;
    %load/vec4 v00000123bf5af0b0_0;
    %addi 1, 0, 10;
    %assign/vec4 v00000123bf5af0b0_0, 0;
T_3.1 ;
    %jmp T_3;
    .thread T_3;
    .scope S_00000123bf558c80;
T_4 ;
    %pushi/vec4 0, 0, 32;
    %store/vec4 v00000123bf5ae110_0, 0, 32;
    %end;
    .thread T_4, $init;
    .scope S_00000123bf558c80;
T_5 ;
    %vpi_call/w 3 50 "$dumpfile", "test.vcd" {0 0 0};
    %vpi_call/w 3 51 "$dumpvars" {0 0 0};
    %end;
    .thread T_5;
    .scope S_00000123bf558c80;
T_6 ;
    %delay 1, 0;
    %vpi_func 3 57 "$time" 64 {0 0 0};
    %cvt/rv;
    %pushi/real 2048000000, 4085; load=1.00000e+06
    %div/wr;
    %vpi_call/w 3 57 "$write", "%10.3f us : clk %6d : hCount %d : vCount %d : ", W<0,r>, v00000123bf5ae110_0, v00000123bf5af830_0, v00000123bf5af290_0 {0 1 0};
    %load/vec4 v00000123bf5adad0_0;
    %flag_set/vec4 8;
    %jmp/0xz  T_6.0, 8;
    %vpi_call/w 3 60 "$write", " == VISIBLE" {0 0 0};
    %jmp T_6.1;
T_6.0 ;
    %vpi_call/w 3 62 "$write", " ==        " {0 0 0};
T_6.1 ;
    %load/vec4 v00000123bf5af5b0_0;
    %flag_set/vec4 8;
    %jmp/0xz  T_6.2, 8;
    %vpi_call/w 3 67 "$write", " == hFRONT" {0 0 0};
    %jmp T_6.3;
T_6.2 ;
    %vpi_call/w 3 69 "$write", " ==       " {0 0 0};
T_6.3 ;
    %load/vec4 v00000123bf5ade90_0;
    %flag_set/vec4 8;
    %jmp/0xz  T_6.4, 8;
    %vpi_call/w 3 72 "$write", " == hSYNC" {0 0 0};
    %jmp T_6.5;
T_6.4 ;
    %vpi_call/w 3 74 "$write", " ==      " {0 0 0};
T_6.5 ;
    %load/vec4 v00000123bf5ae390_0;
    %flag_set/vec4 8;
    %jmp/0xz  T_6.6, 8;
    %vpi_call/w 3 77 "$write", " == hBACK" {0 0 0};
    %jmp T_6.7;
T_6.6 ;
    %vpi_call/w 3 79 "$write", " ==      " {0 0 0};
T_6.7 ;
    %load/vec4 v00000123bf5af5b0_0;
    %pad/u 32;
    %load/vec4 v00000123bf5ade90_0;
    %pad/u 32;
    %add;
    %load/vec4 v00000123bf5ae390_0;
    %pad/u 32;
    %add;
    %cmpi/u 1, 0, 32;
    %flag_or 5, 4; GT is !LE
    %flag_inv 5;
    %jmp/0xz  T_6.8, 5;
    %vpi_call/w 3 82 "$error", "\012illegal H state" {0 0 0};
    %vpi_call/w 3 83 "$finish" {0 0 0};
T_6.8 ;
    %load/vec4 v00000123bf5af650_0;
    %flag_set/vec4 8;
    %jmp/0xz  T_6.10, 8;
    %vpi_call/w 3 89 "$write", " == vFRONT" {0 0 0};
    %jmp T_6.11;
T_6.10 ;
    %vpi_call/w 3 91 "$write", " ==       " {0 0 0};
T_6.11 ;
    %load/vec4 v00000123bf5addf0_0;
    %flag_set/vec4 8;
    %jmp/0xz  T_6.12, 8;
    %vpi_call/w 3 94 "$write", " == vSYNC" {0 0 0};
    %jmp T_6.13;
T_6.12 ;
    %vpi_call/w 3 96 "$write", " ==      " {0 0 0};
T_6.13 ;
    %load/vec4 v00000123bf5af1f0_0;
    %flag_set/vec4 8;
    %jmp/0xz  T_6.14, 8;
    %vpi_call/w 3 99 "$write", " == vBACK" {0 0 0};
    %jmp T_6.15;
T_6.14 ;
    %vpi_call/w 3 101 "$write", " ==      " {0 0 0};
T_6.15 ;
    %load/vec4 v00000123bf5af650_0;
    %pad/u 32;
    %load/vec4 v00000123bf5addf0_0;
    %pad/u 32;
    %add;
    %load/vec4 v00000123bf5af1f0_0;
    %pad/u 32;
    %add;
    %cmpi/u 1, 0, 32;
    %flag_or 5, 4; GT is !LE
    %flag_inv 5;
    %jmp/0xz  T_6.16, 5;
    %vpi_call/w 3 104 "$error", "\012illegal V state" {0 0 0};
    %vpi_call/w 3 105 "$finish" {0 0 0};
T_6.16 ;
    %vpi_call/w 3 108 "$display", "\000" {0 0 0};
    %load/vec4 v00000123bf5ae110_0;
    %addi 1, 0, 32;
    %store/vec4 v00000123bf5ae110_0, 0, 32;
    %load/vec4 v00000123bf5ae110_0;
    %cmpi/e 1000000, 0, 32;
    %jmp/0xz  T_6.18, 4;
    %vpi_call/w 3 111 "$finish" {0 0 0};
T_6.18 ;
    %delay 18519, 0;
    %pushi/vec4 0, 0, 1;
    %store/vec4 v00000123bf5af6f0_0, 0, 1;
    %delay 18518, 0;
    %pushi/vec4 1, 0, 1;
    %store/vec4 v00000123bf5af6f0_0, 0, 1;
    %jmp T_6;
    .thread T_6;
    .scope S_00000123bf558c80;
T_7 ;
    %wait E_00000123bf54a2c0;
    %pushi/real 2132555757, 4070; load=31.7776
    %pushi/real 2919793, 4048; load=31.7776
    %add/wr;
    %load/vec4 v00000123bf5ae250_0;
    %cvt/rv;
    %mul/wr;
    %vpi_call/w 3 121 "$display", "LINES %-d  EXPECT %f", v00000123bf5ae250_0, W<0,r> {0 1 0};
    %jmp T_7;
    .thread T_7, $push;
    .scope S_00000123bf558c80;
T_8 ;
    %wait E_00000123bf54a100;
    %pushi/real 1119591772, 4070; load=16.6832
    %pushi/real 3315344, 4048; load=16.6832
    %add/wr;
    %load/vec4 v00000123bf5af790_0;
    %cvt/rv;
    %mul/wr;
    %vpi_call/w 3 125 "$display", "FRAME %-d  EXPECT %f", v00000123bf5af790_0, W<0,r> {0 1 0};
    %jmp T_8;
    .thread T_8, $push;
# The file index is used to find the file name in the following table.
:file_names 5;
    "N/A";
    "<interactive>";
    "-";
    "test.sv";
    "./top.v";
